app/build/outputs/logs/manifest-merger-release-report.txt
-- Merging decision tree log ---
manifest
ADDED from src\main\AndroidManifest.xml:2:1-175:12
	package
		ADDED from src\main\AndroidManifest.xml:2:11-39
		INJECTED from src\main\AndroidManifest.xml
		INJECTED from src\main\AndroidManifest.xml
	android:versionName
		INJECTED from src\main\AndroidManifest.xml
		INJECTED from src\main\AndroidManifest.xml
	xmlns:android
		ADDED from src\main\AndroidManifest.xml:3:11-69
	android:versionCode
		INJECTED from src\main\AndroidManifest.xml
		INJECTED from src\main\AndroidManifest.xml
uses-permission#android.permission.CHANGE_NETWORK_STATE
ADDED from src\main\AndroidManifest.xml:7:5-79
	android:name
		ADDED from src\main\AndroidManifest.xml:7:22-76
uses-permission#android.permission.ACCESS_WIFI_STATE
ADDED from src\main\AndroidManifest.xml:8:5-75
	android:name
		ADDED from src\main\AndroidManifest.xml:8:22-73
uses-permission#android.permission.CHANGE_WIFI_STATE
ADDED from src\main\AndroidManifest.xml:9:5-75
	android:name
		ADDED from src\main\AndroidManifest.xml:9:22-73
uses-permission#android.permission.BLUETOOTH
ADDED from src\main\AndroidManifest.xml:10:5-67
	android:name
		ADDED from src\main\AndroidManifest.xml:10:22-65
uses-permission#android.permission.BLUETOOTH_ADMIN
ADDED from src\main\AndroidManifest.xml:11:5-73
	android:name
		ADDED from src\main\AndroidManifest.xml:11:22-71
uses-permission#android.permission.DISABLE_KEYGUARD
ADDED from src\main\AndroidManifest.xml:12:5-74
	android:name
		ADDED from src\main\AndroidManifest.xml:12:22-72
uses-permission#android.permission.INTERNET
ADDED from src\main\AndroidManifest.xml:13:5-66
	android:name
		ADDED from src\main\AndroidManifest.xml:13:22-64
uses-permission#android.permission.ACCESS_NETWORK_STATE
ADDED from src\main\AndroidManifest.xml:14:5-78
	android:name
		ADDED from src\main\AndroidManifest.xml:14:22-76
uses-permission#android.permission.READ_EXTERNAL_STORAGE
ADDED from src\main\AndroidManifest.xml:15:5-79
	android:name
		ADDED from src\main\AndroidManifest.xml:15:22-77
uses-permission#android.permission.WRITE_EXTERNAL_STORAGE
ADDED from src\main\AndroidManifest.xml:16:5-80
	android:name
		ADDED from src\main\AndroidManifest.xml:16:22-78
uses-permission#android.permission.MOUNT_UNMOUNT_FILESYSTEMS
ADDED from src\main\AndroidManifest.xml:18:5-83
	android:name
		ADDED from src\main\AndroidManifest.xml:18:22-81
application
ADDED from src\main\AndroidManifest.xml:20:5-173:19
MERGED from [com.android.support:appcompat-v7:23.1.1] AndroidManifest.xml:22:5-20
MERGED from [com.android.support:support-v4:23.1.1] AndroidManifest.xml:22:5-20
MERGED from [com.android.support:support-v4:23.1.1] AndroidManifest.xml:22:5-20
MERGED from [com.android.support:appcompat-v7:23.1.1] AndroidManifest.xml:22:5-20
MERGED from [com.android.support:support-v4:23.1.1] AndroidManifest.xml:22:5-20
MERGED from [com.mikepenz:aboutlibraries:5.3.5] AndroidManifest.xml:11:5-13:19
MERGED from [com.android.support:appcompat-v7:23.1.1] AndroidManifest.xml:22:5-20
MERGED from [com.android.support:support-v4:23.1.1] AndroidManifest.xml:22:5-20
MERGED from [com.android.support:support-v4:23.1.1] AndroidManifest.xml:22:5-20
MERGED from [com.android.support:cardview-v7:23.1.1] AndroidManifest.xml:22:5-20
MERGED from [com.android.support:appcompat-v7:23.1.1] AndroidManifest.xml:22:5-20
MERGED from [com.android.support:support-v4:23.1.1] AndroidManifest.xml:22:5-20
MERGED from [com.android.support:design:23.1.1] AndroidManifest.xml:22:5-20
MERGED from [com.android.support:appcompat-v7:23.1.1] AndroidManifest.xml:22:5-20
MERGED from [com.android.support:support-v4:23.1.1] AndroidManifest.xml:22:5-20
MERGED from [com.android.support:support-v4:23.1.1] AndroidManifest.xml:22:5-20
MERGED from [com.android.support:support-v4:23.1.1] AndroidManifest.xml:22:5-20
MERGED from [com.mikepenz:google-material-typeface:2.2.0.1] AndroidManifest.xml:27:5-20
MERGED from [com.mikepenz:octicons-typeface:3.0.0.1] AndroidManifest.xml:27:5-20
MERGED from [com.android.support:support-v4:23.1.1] AndroidManifest.xml:22:5-20
	android:label
		ADDED from src\main\AndroidManifest.xml:24:9-41
	android:allowBackup
		ADDED from src\main\AndroidManifest.xml:22:9-35
	android:icon
		ADDED from src\main\AndroidManifest.xml:23:9-45
	android:name
		ADDED from src\main\AndroidManifest.xml:21:9-38
activity#com.systekcn.guide.activity.model.DrawerActivity
ADDED from src\main\AndroidManifest.xml:27:9-30:93
	android:label
		ADDED from src\main\AndroidManifest.xml:29:13-45
	android:theme
		ADDED from src\main\AndroidManifest.xml:30:13-91
	android:name
		ADDED from src\main\AndroidManifest.xml:28:13-58
activity#com.systekcn.guide.activity.model.CompactHeaderDrawerActivity
ADDED from src\main\AndroidManifest.xml:31:9-34:49
	android:label
		ADDED from src\main\AndroidManifest.xml:33:13-45
	android:theme
		ADDED from src\main\AndroidManifest.xml:34:13-47
	android:name
		ADDED from src\main\AndroidManifest.xml:32:13-71
activity#com.systekcn.guide.activity.model.PersistentDrawerActivity
ADDED from src\main\AndroidManifest.xml:35:9-38:81
	android:label
		ADDED from src\main\AndroidManifest.xml:37:13-45
	android:theme
		ADDED from src\main\AndroidManifest.xml:38:13-79
	android:name
		ADDED from src\main\AndroidManifest.xml:36:13-68
activity#com.systekcn.guide.activity.model.ActionBarActivity
ADDED from src\main\AndroidManifest.xml:39:9-41:67
	android:theme
		ADDED from src\main\AndroidManifest.xml:41:13-65
	android:name
		ADDED from src\main\AndroidManifest.xml:40:13-61
activity#com.systekcn.guide.activity.model.MenuDrawerActivity
ADDED from src\main\AndroidManifest.xml:42:9-44:93
	android:theme
		ADDED from src\main\AndroidManifest.xml:44:13-91
	android:name
		ADDED from src\main\AndroidManifest.xml:43:13-62
activity#com.systekcn.guide.activity.model.NonTranslucentDrawerActivity
ADDED from src\main\AndroidManifest.xml:45:9-47:57
	android:theme
		ADDED from src\main\AndroidManifest.xml:47:13-55
	android:name
		ADDED from src\main\AndroidManifest.xml:46:13-72
activity#com.systekcn.guide.activity.model.MultiDrawerActivity
ADDED from src\main\AndroidManifest.xml:48:9-50:75
	android:theme
		ADDED from src\main\AndroidManifest.xml:50:13-73
	android:name
		ADDED from src\main\AndroidManifest.xml:49:13-63
activity#com.systekcn.guide.activity.model.AdvancedActivity
ADDED from src\main\AndroidManifest.xml:51:9-53:75
	android:theme
		ADDED from src\main\AndroidManifest.xml:53:13-73
	android:name
		ADDED from src\main\AndroidManifest.xml:52:13-60
activity#com.systekcn.guide.activity.model.KeyboardUtilActivity
ADDED from src\main\AndroidManifest.xml:54:9-57:56
	android:windowSoftInputMode
		ADDED from src\main\AndroidManifest.xml:57:13-54
	android:theme
		ADDED from src\main\AndroidManifest.xml:56:13-91
	android:name
		ADDED from src\main\AndroidManifest.xml:55:13-64
activity#com.systekcn.guide.activity.model.EmbeddedDrawerActivity
ADDED from src\main\AndroidManifest.xml:58:9-60:57
	android:theme
		ADDED from src\main\AndroidManifest.xml:60:13-55
	android:name
		ADDED from src\main\AndroidManifest.xml:59:13-66
activity#com.systekcn.guide.activity.model.MiniDrawerActivity
ADDED from src\main\AndroidManifest.xml:61:9-63:57
	android:theme
		ADDED from src\main\AndroidManifest.xml:63:13-55
	android:name
		ADDED from src\main\AndroidManifest.xml:62:13-62
activity#com.systekcn.guide.activity.model.FullscreenDrawerActivity
ADDED from src\main\AndroidManifest.xml:64:9-66:53
	android:theme
		ADDED from src\main\AndroidManifest.xml:66:13-51
	android:name
		ADDED from src\main\AndroidManifest.xml:65:13-68
activity#com.systekcn.guide.activity.model.CustomContainerActivity
ADDED from src\main\AndroidManifest.xml:67:9-69:75
	android:theme
		ADDED from src\main\AndroidManifest.xml:69:13-73
	android:name
		ADDED from src\main\AndroidManifest.xml:68:13-67
activity#com.systekcn.guide.activity.model.FragmentActivity
ADDED from src\main\AndroidManifest.xml:70:9-72:75
	android:theme
		ADDED from src\main\AndroidManifest.xml:72:13-73
	android:name
		ADDED from src\main\AndroidManifest.xml:71:13-60
activity#com.systekcn.guide.activity.model.CollapsingToolbarActivity
ADDED from src\main\AndroidManifest.xml:73:9-75:93
	android:theme
		ADDED from src\main\AndroidManifest.xml:75:13-91
	android:name
		ADDED from src\main\AndroidManifest.xml:74:13-69
activity#com.systekcn.guide.activity.model.CrossfadeDrawerLayoutActvitiy
ADDED from src\main\AndroidManifest.xml:76:9-78:57
	android:theme
		ADDED from src\main\AndroidManifest.xml:78:13-55
	android:name
		ADDED from src\main\AndroidManifest.xml:77:13-73
activity#com.systekcn.guide.activity.BeginActivity
ADDED from src\main\AndroidManifest.xml:81:9-89:20
	android:screenOrientation
		ADDED from src\main\AndroidManifest.xml:83:13-49
	android:theme
		ADDED from src\main\AndroidManifest.xml:84:13-47
	android:name
		ADDED from src\main\AndroidManifest.xml:82:13-51
intent-filter#android.intent.action.MAIN+android.intent.category.LAUNCHER
ADDED from src\main\AndroidManifest.xml:85:13-88:29
action#android.intent.action.MAIN
ADDED from src\main\AndroidManifest.xml:86:17-68
	android:name
		ADDED from src\main\AndroidManifest.xml:86:25-66
category#android.intent.category.LAUNCHER
ADDED from src\main\AndroidManifest.xml:87:17-76
	android:name
		ADDED from src\main\AndroidManifest.xml:87:27-74
activity#com.systekcn.guide.activity.CityChooseActivity
ADDED from src\main\AndroidManifest.xml:90:9-94:49
	android:screenOrientation
		ADDED from src\main\AndroidManifest.xml:93:13-49
	android:launchMode
		ADDED from src\main\AndroidManifest.xml:92:13-43
	android:theme
		ADDED from src\main\AndroidManifest.xml:94:13-47
	android:name
		ADDED from src\main\AndroidManifest.xml:91:13-56
activity#com.systekcn.guide.activity.MuseumListActivity
ADDED from src\main\AndroidManifest.xml:95:9-99:49
	android:screenOrientation
		ADDED from src\main\AndroidManifest.xml:97:13-49
	android:launchMode
		ADDED from src\main\AndroidManifest.xml:98:13-43
	android:theme
		ADDED from src\main\AndroidManifest.xml:99:13-47
	android:name
		ADDED from src\main\AndroidManifest.xml:96:13-56
activity#com.systekcn.guide.activity.MuseumHomeActivity
ADDED from src\main\AndroidManifest.xml:100:9-104:49
	android:screenOrientation
		ADDED from src\main\AndroidManifest.xml:103:13-49
	android:launchMode
		ADDED from src\main\AndroidManifest.xml:102:13-44
	android:theme
		ADDED from src\main\AndroidManifest.xml:104:13-47
	android:name
		ADDED from src\main\AndroidManifest.xml:101:13-56
activity#com.systekcn.guide.activity.ListAndMapActivity
ADDED from src\main\AndroidManifest.xml:105:9-109:49
	android:screenOrientation
		ADDED from src\main\AndroidManifest.xml:108:13-49
	android:launchMode
		ADDED from src\main\AndroidManifest.xml:107:13-43
	android:theme
		ADDED from src\main\AndroidManifest.xml:109:13-47
	android:name
		ADDED from src\main\AndroidManifest.xml:106:13-56
activity#com.systekcn.guide.activity.TopicActivity
ADDED from src\main\AndroidManifest.xml:110:9-114:49
	android:screenOrientation
		ADDED from src\main\AndroidManifest.xml:113:13-49
	android:launchMode
		ADDED from src\main\AndroidManifest.xml:112:13-43
	android:theme
		ADDED from src\main\AndroidManifest.xml:114:13-47
	android:name
		ADDED from src\main\AndroidManifest.xml:111:13-51
activity#com.systekcn.guide.activity.PlayActivity
ADDED from src\main\AndroidManifest.xml:115:9-119:49
	android:screenOrientation
		ADDED from src\main\AndroidManifest.xml:118:13-49
	android:launchMode
		ADDED from src\main\AndroidManifest.xml:117:13-43
	android:theme
		ADDED from src\main\AndroidManifest.xml:119:13-47
	android:name
		ADDED from src\main\AndroidManifest.xml:116:13-50
activity#com.systekcn.guide.activity.LockScreenActivity
ADDED from src\main\AndroidManifest.xml:120:9-124:49
	android:screenOrientation
		ADDED from src\main\AndroidManifest.xml:123:13-49
	android:launchMode
		ADDED from src\main\AndroidManifest.xml:122:13-43
	android:theme
		ADDED from src\main\AndroidManifest.xml:124:13-47
	android:name
		ADDED from src\main\AndroidManifest.xml:121:13-56
activity#com.systekcn.guide.activity.WelcomeActivity
ADDED from src\main\AndroidManifest.xml:125:9-129:49
	android:screenOrientation
		ADDED from src\main\AndroidManifest.xml:128:13-49
	android:launchMode
		ADDED from src\main\AndroidManifest.xml:127:13-48
	android:theme
		ADDED from src\main\AndroidManifest.xml:129:13-47
	android:name
		ADDED from src\main\AndroidManifest.xml:126:13-53
activity#com.systekcn.guide.activity.CollectionActivity
ADDED from src\main\AndroidManifest.xml:130:9-134:49
	android:screenOrientation
		ADDED from src\main\AndroidManifest.xml:133:13-49
	android:launchMode
		ADDED from src\main\AndroidManifest.xml:132:13-43
	android:theme
		ADDED from src\main\AndroidManifest.xml:134:13-47
	android:name
		ADDED from src\main\AndroidManifest.xml:131:13-56
activity#com.systekcn.guide.activity.SearchActivity
ADDED from src\main\AndroidManifest.xml:135:9-139:49
	android:screenOrientation
		ADDED from src\main\AndroidManifest.xml:138:13-49
	android:launchMode
		ADDED from src\main\AndroidManifest.xml:137:13-48
	android:theme
		ADDED from src\main\AndroidManifest.xml:139:13-47
	android:name
		ADDED from src\main\AndroidManifest.xml:136:13-52
activity#com.systekcn.guide.activity.DownloadActivity
ADDED from src\main\AndroidManifest.xml:140:9-144:49
	android:screenOrientation
		ADDED from src\main\AndroidManifest.xml:143:13-49
	android:launchMode
		ADDED from src\main\AndroidManifest.xml:142:13-48
	android:theme
		ADDED from src\main\AndroidManifest.xml:144:13-47
	android:name
		ADDED from src\main\AndroidManifest.xml:141:13-54
activity#com.systekcn.guide.activity.SettingActivity
ADDED from src\main\AndroidManifest.xml:145:9-149:49
	android:screenOrientation
		ADDED from src\main\AndroidManifest.xml:148:13-49
	android:launchMode
		ADDED from src\main\AndroidManifest.xml:147:13-48
	android:theme
		ADDED from src\main\AndroidManifest.xml:149:13-47
	android:name
		ADDED from src\main\AndroidManifest.xml:146:13-53
service#com.systekcn.guide.service.MediaPlayService
ADDED from src\main\AndroidManifest.xml:151:9-155:46
	android:enabled
		ADDED from src\main\AndroidManifest.xml:153:13-35
	android:exported
		ADDED from src\main\AndroidManifest.xml:154:13-37
	android:isolatedProcess
		ADDED from src\main\AndroidManifest.xml:155:13-44
	android:name
		ADDED from src\main\AndroidManifest.xml:152:13-53
service#org.altbeacon.beacon.service.BeaconService
ADDED from src\main\AndroidManifest.xml:156:9-161:37
	android:enabled
		ADDED from src\main\AndroidManifest.xml:158:13-35
	android:label
		ADDED from src\main\AndroidManifest.xml:161:13-35
	android:exported
		ADDED from src\main\AndroidManifest.xml:159:13-37
	android:isolatedProcess
		ADDED from src\main\AndroidManifest.xml:160:13-44
	android:name
		ADDED from src\main\AndroidManifest.xml:157:13-70
service#org.altbeacon.beacon.BeaconIntentProcessor
ADDED from src\main\AndroidManifest.xml:162:9-165:39
	android:enabled
		ADDED from src\main\AndroidManifest.xml:164:13-35
	android:exported
		ADDED from src\main\AndroidManifest.xml:165:13-37
	android:name
		ADDED from src\main\AndroidManifest.xml:163:13-70
service#com.baidu.location.f
ADDED from src\main\AndroidManifest.xml:166:9-170:40
	android:enabled
		ADDED from src\main\AndroidManifest.xml:168:13-35
	android:process
		ADDED from src\main\AndroidManifest.xml:170:13-38
	android:permission
		ADDED from src\main\AndroidManifest.xml:169:13-75
	android:name
		ADDED from src\main\AndroidManifest.xml:167:13-48
service#com.systekcn.guide.service.MuseumDownloadService
ADDED from src\main\AndroidManifest.xml:171:9-65
	android:name
		ADDED from src\main\AndroidManifest.xml:171:18-63
uses-sdk
INJECTED from src\main\AndroidManifest.xml reason: use-sdk injection requested
MERGED from [Guide:library:unspecified] AndroidManifest.xml:8:5-10:41
MERGED from [com.android.support:appcompat-v7:23.1.1] AndroidManifest.xml:20:5-43
MERGED from [com.android.support:support-v4:23.1.1] AndroidManifest.xml:20:5-43
MERGED from [com.android.support:recyclerview-v7:23.1.1] AndroidManifest.xml:20:5-43
MERGED from [com.android.support:support-v4:23.1.1] AndroidManifest.xml:20:5-43
MERGED from [com.mikepenz:materialize:0.5.1] AndroidManifest.xml:8:5-10:41
MERGED from [com.mikepenz:iconics-core:2.5.2] AndroidManifest.xml:8:5-10:41
MERGED from [com.android.support:appcompat-v7:23.1.1] AndroidManifest.xml:20:5-43
MERGED from [com.android.support:support-v4:23.1.1] AndroidManifest.xml:20:5-43
MERGED from [com.mikepenz:aboutlibraries:5.3.5] AndroidManifest.xml:7:5-9:41
MERGED from [com.android.support:appcompat-v7:23.1.1] AndroidManifest.xml:20:5-43
MERGED from [com.android.support:support-v4:23.1.1] AndroidManifest.xml:20:5-43
MERGED from [com.android.support:recyclerview-v7:23.1.1] AndroidManifest.xml:20:5-43
MERGED from [com.android.support:support-v4:23.1.1] AndroidManifest.xml:20:5-43
MERGED from [com.android.support:cardview-v7:23.1.1] AndroidManifest.xml:20:5-43
MERGED from [com.mikepenz:iconics-core:2.5.2] AndroidManifest.xml:8:5-10:41
MERGED from [com.android.support:appcompat-v7:23.1.1] AndroidManifest.xml:20:5-43
MERGED from [com.android.support:support-v4:23.1.1] AndroidManifest.xml:20:5-43
MERGED from [com.android.support:design:23.1.1] AndroidManifest.xml:20:5-43
MERGED from [com.android.support:appcompat-v7:23.1.1] AndroidManifest.xml:20:5-43
MERGED from [com.android.support:support-v4:23.1.1] AndroidManifest.xml:20:5-43
MERGED from [com.android.support:recyclerview-v7:23.1.1] AndroidManifest.xml:20:5-43
MERGED from [com.android.support:support-v4:23.1.1] AndroidManifest.xml:20:5-43
MERGED from [com.android.support:support-v4:23.1.1] AndroidManifest.xml:20:5-43
MERGED from [com.mikepenz:crossfader:1.3.2] AndroidManifest.xml:8:5-10:41
MERGED from [com.mikepenz:crossfadedrawerlayout:0.0.2] AndroidManifest.xml:8:5-10:41
MERGED from [com.mikepenz:google-material-typeface:2.2.0.1] AndroidManifest.xml:23:5-25:41
MERGED from [com.mikepenz:fontawesome-typeface:4.4.0.1] AndroidManifest.xml:8:5-10:41
MERGED from [com.mikepenz:octicons-typeface:3.0.0.1] AndroidManifest.xml:23:5-25:41
MERGED from [com.android.support:support-v4:23.1.1] AndroidManifest.xml:20:5-43
	android:targetSdkVersion
		INJECTED from src\main\AndroidManifest.xml
		INJECTED from src\main\AndroidManifest.xml
	android:minSdkVersion
		INJECTED from src\main\AndroidManifest.xml
		INJECTED from src\main\AndroidManifest.xml
activity#com.mikepenz.aboutlibraries.ui.LibsActivity
ADDED from [com.mikepenz:aboutlibraries:5.3.5] AndroidManifest.xml:12:9-80
	android:name
		ADDED from [com.mikepenz:aboutlibraries:5.3.5] AndroidManifest.xml:12:19-77